<?xml version="1.0" encoding="UTF-8"?>
<!-- Generated by org.testng.reporters.JUnitReportReporter -->
<testsuite hostname="a" failures="0" tests="4" name="com.qa.opencart.tests.LoginPageTest" time="2.410" errors="0" timestamp="2023-06-12T00:34:11 IST" skipped="0">
  <testcase classname="com.qa.opencart.tests.LoginPageTest" name="forgotPwdLink" time="0.425"/>
  <system-out/>
  <testcase classname="com.qa.opencart.tests.LoginPageTest" name="loginPageUrl" time="0.039"/>
  <system-out/>
  <testcase classname="com.qa.opencart.tests.LoginPageTest" name="loginTest" time="1.919"/>
  <system-out/>
  <testcase classname="com.qa.opencart.tests.LoginPageTest" name="loginPageTitle" time="0.027"/>
  <system-out/>
</testsuite> <!-- com.qa.opencart.tests.LoginPageTest -->
