<?xml version="1.0" encoding="UTF-8"?>
<!-- Generated by org.testng.reporters.JUnitReportReporter -->
<testsuite hostname="a" failures="0" tests="5" name="com.qa.opencart.tests.AccountPageTest" time="6.729" errors="0" timestamp="2023-06-12T00:47:00 IST" skipped="0">
  <testcase classname="com.qa.opencart.tests.AccountPageTest" name="getLogoutLink" time="0.233"/>
  <system-out/>
  <testcase classname="com.qa.opencart.tests.AccountPageTest" name="getPageURL" time="0.028"/>
  <system-out/>
  <testcase classname="com.qa.opencart.tests.AccountPageTest" name="accPageSetup" time="6.062"/>
  <system-out/>
  <testcase classname="com.qa.opencart.tests.AccountPageTest" name="getHeadersList" time="0.379"/>
  <system-out/>
  <testcase classname="com.qa.opencart.tests.AccountPageTest" name="getPageTitle" time="0.027"/>
  <system-out/>
</testsuite> <!-- com.qa.opencart.tests.AccountPageTest -->
